00:00:00.000143 main     VirtualBox XPCOM Server 6.1.18_Pop r142142 linux.amd64 (Mar 22 2021 15:56:49) release log
00:00:00.000146 main     Log opened 2021-05-30T14:16:24.202787000Z
00:00:00.000146 main     Build Type: release
00:00:00.000149 main     OS Product: Linux
00:00:00.000149 main     OS Release: 5.11.0-7614-generic
00:00:00.000150 main     OS Version: #15~1618626693~20.10~ecb25cd-Ubuntu SMP Thu Apr 22 16:00:45 UTC 
00:00:00.000169 main     DMI Product Name: VirtualBox
00:00:00.000176 main     DMI Product Version: 1.2
00:00:00.000182 main     Firmware type: BIOS
00:00:00.000213 main     Host RAM: 10818MB (10.5GB) total, 9037MB (8.8GB) available
00:00:00.000216 main     Executable: /usr/lib/virtualbox/VBoxSVC
00:00:00.000216 main     Process ID: 22704
00:00:00.000217 main     Package type: LINUX_64BITS_GENERIC (OSE)
00:00:00.001369 main     IPC socket path: /tmp/.vbox-nathaniel-ipc/ipcd
00:00:00.112703 nspr-2   VirtualBox: object creation starts
00:00:00.112757 nspr-2   Home directory: '/home/nathaniel/.config/VirtualBox'
00:00:00.115127 nspr-2   HostDnsMonitor: initializing
00:00:00.115709 nspr-2   NAT: resolv.conf: nameserver 127.0.0.53
00:00:00.115718 nspr-2   NAT: resolv.conf: ignoring "options edns0 trust-ad"
00:00:00.115725 nspr-2   HostDnsMonitor: updating information
00:00:00.115735 nspr-2   HostDnsMonitor: old information
00:00:00.115737 nspr-2     no server entries
00:00:00.115740 nspr-2     no domain set
00:00:00.115742 nspr-2     no search string entries
00:00:00.115744 nspr-2   HostDnsMonitor: new information
00:00:00.115746 nspr-2     server 1: 127.0.0.53
00:00:00.115748 nspr-2     no domain set
00:00:00.115750 nspr-2     no search string entries
00:00:00.122098 nspr-2   VD: VDInit finished with VINF_SUCCESS
00:00:00.123036 nspr-2   VirtualBox: object created
00:00:02.595832 nspr-3   Saving settings file "/home/nathaniel/.config/VirtualBox/VirtualBox.xml" with version "1.12-linux"
00:00:02.616806 nspr-3   Saving settings file "/home/nathaniel/.config/VirtualBox/VirtualBox.xml" with version "1.12-linux"
00:00:02.627413 nspr-2   Saving settings file "/home/nathaniel/.config/VirtualBox/VirtualBox.xml" with version "1.12-linux"
00:00:02.657123 nspr-3   Saving settings file "/home/nathaniel/.config/VirtualBox/VirtualBox.xml" with version "1.12-linux"
00:00:02.673995 nspr-2   Saving settings file "/home/nathaniel/.config/VirtualBox/VirtualBox.xml" with version "1.12-linux"
00:00:02.685330 nspr-2   Saving settings file "/home/nathaniel/.config/VirtualBox/VirtualBox.xml" with version "1.12-linux"
00:00:02.696281 nspr-2   Saving settings file "/home/nathaniel/.config/VirtualBox/VirtualBox.xml" with version "1.12-linux"
00:00:08.260752 main     VirtualBox: object deletion starts
00:00:08.260988 main     HostDnsMonitor: shutting down ...
00:00:08.261274 main     HostDnsMonitor: shut down
00:00:08.687121 Watcher  ERROR [COM]: aRC=E_ACCESSDENIED (0x80070005) aIID={d0a0163f-e254-4e5b-a1f2-011cf991c38d} aComponent={VirtualBoxWrap} aText={The object is not ready}, preserve=false aResultDetail=0
00:00:13.267238 main     {00007f7c300161f0} HostPowerServiceLinux::~HostPowerServiceLinux: RTThreadWait() for 5000 ms failed with VERR_TIMEOUT
00:00:13.267737 main     VirtualBox: object deleted
